<?xml version="1.0" encoding="UTF-8"?>
<!-- Generated by org.testng.reporters.JUnitReportReporter -->
<testsuite hostname="DESKTOP-61FN9Q0" failures="0" tests="3" name="br.com.enade.model.TbusuarioTest" time="0.007" errors="0" timestamp="20 Apr 2024 20:58:20 GMT">
  <testcase classname="br.com.enade.model.TbusuarioTest" name="testGetSetEmailUsuario" time="0.006"/>
  <testcase classname="br.com.enade.model.TbusuarioTest" name="testGetSetIdUsuario" time="0.000"/>
  <testcase classname="br.com.enade.model.TbusuarioTest" name="testGetSetNomeUsuario" time="0.001"/>
</testsuite> <!-- br.com.enade.model.TbusuarioTest -->
